<?xml version="1.0" encoding="UTF-8"?>
<coverage generated="1613452228105" clover="3.2.0">
  <project timestamp="1613452228105" name="All files">
    <metrics statements="27" coveredstatements="7" conditionals="8" coveredconditionals="0" methods="9" coveredmethods="3" elements="44" coveredelements="10" complexity="0" loc="27" ncloc="27" packages="1" files="2" classes="2"/>
    <file name="Login.vue" path="C:\Users\vicen\OneDrive\Escritorio\login_2\login-system\src\components\Login.vue">
      <metrics statements="4" coveredstatements="3" conditionals="0" coveredconditionals="0" methods="3" coveredmethods="1"/>
      <line num="48" count="1" type="stmt"/>
      <line num="49" count="1" type="stmt"/>
      <line num="56" count="1" type="stmt"/>
      <line num="64" count="0" type="stmt"/>
    </file>
    <file name="Timer.vue" path="C:\Users\vicen\OneDrive\Escritorio\login_2\login-system\src\components\Timer.vue">
      <metrics statements="23" coveredstatements="4" conditionals="8" coveredconditionals="0" methods="6" coveredmethods="2"/>
      <line num="30" count="1" type="stmt"/>
      <line num="31" count="1" type="stmt"/>
      <line num="35" count="1" type="stmt"/>
      <line num="44" count="0" type="stmt"/>
      <line num="48" count="0" type="stmt"/>
      <line num="52" count="0" type="stmt"/>
      <line num="53" count="0" type="stmt"/>
      <line num="54" count="0" type="stmt"/>
      <line num="55" count="0" type="stmt"/>
      <line num="56" count="0" type="stmt"/>
      <line num="57" count="0" type="stmt"/>
      <line num="58" count="0" type="stmt"/>
      <line num="59" count="0" type="stmt"/>
      <line num="60" count="0" type="stmt"/>
      <line num="61" count="0" type="stmt"/>
      <line num="62" count="0" type="stmt"/>
      <line num="63" count="0" type="stmt"/>
      <line num="64" count="0" type="stmt"/>
      <line num="65" count="0" type="cond" truecount="0" falsecount="2"/>
      <line num="66" count="0" type="cond" truecount="0" falsecount="2"/>
      <line num="67" count="0" type="cond" truecount="0" falsecount="2"/>
      <line num="68" count="0" type="cond" truecount="0" falsecount="2"/>
      <line num="72" count="1" type="stmt"/>
    </file>
  </project>
</coverage>
