TN:
SF:C:\Users\vicen\OneDrive\Escritorio\login_2\login-system\src\components\Login.vue
FN:55,(anonymous_1)
FN:63,(anonymous_2)
FN:64,(anonymous_3)
FNF:3
FNH:1
FNDA:1,(anonymous_1)
FNDA:0,(anonymous_2)
FNDA:0,(anonymous_3)
DA:48,1
DA:49,1
DA:56,1
DA:64,0
LF:4
LH:3
BRF:0
BRH:0
end_of_record
TN:
SF:C:\Users\vicen\OneDrive\Escritorio\login_2\login-system\src\components\Timer.vue
FN:34,(anonymous_1)
FN:43,(anonymous_2)
FN:44,(anonymous_3)
FN:51,(anonymous_4)
FN:71,(anonymous_5)
FN:72,(anonymous_6)
FNF:6
FNH:2
FNDA:1,(anonymous_1)
FNDA:0,(anonymous_2)
FNDA:0,(anonymous_3)
FNDA:0,(anonymous_4)
FNDA:1,(anonymous_5)
FNDA:0,(anonymous_6)
DA:30,1
DA:31,1
DA:35,1
DA:44,0
DA:48,0
DA:52,0
DA:53,0
DA:54,0
DA:55,0
DA:56,0
DA:57,0
DA:58,0
DA:59,0
DA:60,0
DA:61,0
DA:62,0
DA:63,0
DA:64,0
DA:65,0
DA:66,0
DA:67,0
DA:68,0
DA:72,1
LF:23
LH:4
BRDA:65,0,0,0
BRDA:65,0,1,0
BRDA:66,1,0,0
BRDA:66,1,1,0
BRDA:67,2,0,0
BRDA:67,2,1,0
BRDA:68,3,0,0
BRDA:68,3,1,0
BRF:8
BRH:0
end_of_record
